# JRE version: Java(TM) SE Runtime Environment 18.9 (11.0.16+11) (build 11.0.16+11-LTS-199)
# Java VM: Java HotSpot(TM) 64-Bit Server VM 18.9 (11.0.16+11-LTS-199, mixed mode, tiered, compressed oops, g1 gc, windows-amd64)
Heap:
 garbage-first heap   total 260096K, used 175442K [0x0000000080000000, 0x0000000100000000)
  region size 1024K, 62 young (63488K), 2 survivors (2048K)
 Metaspace       used 102337K, capacity 106129K, committed 106352K, reserved 608256K
  class space    used 13709K, capacity 15131K, committed 15144K, reserved 516096K
GC Heap History (10 events):
Event: 42.983 GC heap before
{Heap before GC invocations=11 (full 0):
 garbage-first heap   total 260096K, used 191778K [0x0000000080000000, 0x0000000100000000)
  region size 1024K, 152 young (155648K), 16 survivors (16384K)
 Metaspace       used 79332K, capacity 81673K, committed 81956K, reserved 587776K
  class space    used 10407K, capacity 11353K, committed 11484K, reserved 516096K
}
Event: 43.008 GC heap after
{Heap after GC invocations=12 (full 0):
 garbage-first heap   total 260096K, used 66503K [0x0000000080000000, 0x0000000100000000)
  region size 1024K, 19 young (19456K), 19 survivors (19456K)
 Metaspace       used 79332K, capacity 81673K, committed 81956K, reserved 587776K
  class space    used 10407K, capacity 11353K, committed 11484K, reserved 516096K
}
Event: 71.837 GC heap before
{Heap before GC invocations=12 (full 0):
 garbage-first heap   total 260096K, used 200647K [0x0000000080000000, 0x0000000100000000)
  region size 1024K, 150 young (153600K), 19 survivors (19456K)
 Metaspace       used 85869K, capacity 88497K, committed 88740K, reserved 593920K
  class space    used 11424K, capacity 12486K, committed 12636K, reserved 516096K
}
Event: 71.862 GC heap after
{Heap after GC invocations=13 (full 0):
 garbage-first heap   total 260096K, used 78810K [0x0000000080000000, 0x0000000100000000)
  region size 1024K, 12 young (12288K), 12 survivors (12288K)
 Metaspace       used 85869K, capacity 88497K, committed 88740K, reserved 593920K
  class space    used 11424K, capacity 12486K, committed 12636K, reserved 516096K
}
Event: 77.419 GC heap before
{Heap before GC invocations=13 (full 0):
 garbage-first heap   total 260096K, used 202714K [0x0000000080000000, 0x0000000100000000)
  region size 1024K, 133 young (136192K), 12 survivors (12288K)
 Metaspace       used 91591K, capacity 94922K, committed 95140K, reserved 598016K
  class space    used 12316K, capacity 13639K, committed 13660K, reserved 516096K
}
Event: 77.441 GC heap after
{Heap after GC invocations=14 (full 0):
 garbage-first heap   total 260096K, used 92996K [0x0000000080000000, 0x0000000100000000)
  region size 1024K, 15 young (15360K), 15 survivors (15360K)
 Metaspace       used 91591K, capacity 94922K, committed 95140K, reserved 598016K
  class space    used 12316K, capacity 13639K, committed 13660K, reserved 516096K
}
Event: 81.096 GC heap before
{Heap before GC invocations=14 (full 0):
 garbage-first heap   total 260096K, used 205636K [0x0000000080000000, 0x0000000100000000)
  region size 1024K, 121 young (123904K), 15 survivors (15360K)
 Metaspace       used 96373K, capacity 100043K, committed 100260K, reserved 602112K
  class space    used 12906K, capacity 14357K, committed 14428K, reserved 516096K
}
Event: 81.117 GC heap after
{Heap after GC invocations=15 (full 0):
 garbage-first heap   total 260096K, used 111959K [0x0000000080000000, 0x0000000100000000)
  region size 1024K, 14 young (14336K), 14 survivors (14336K)
 Metaspace       used 96373K, capacity 100043K, committed 100260K, reserved 602112K
  class space    used 12906K, capacity 14357K, committed 14428K, reserved 516096K
}
Event: 81.410 GC heap before
{Heap before GC invocations=15 (full 0):
 garbage-first heap   total 260096K, used 121175K [0x0000000080000000, 0x0000000100000000)
  region size 1024K, 24 young (24576K), 14 survivors (14336K)
 Metaspace       used 96891K, capacity 100485K, committed 100540K, reserved 604160K
  class space    used 12979K, capacity 14393K, committed 14428K, reserved 516096K
}
Event: 81.429 GC heap after
{Heap after GC invocations=16 (full 0):
 garbage-first heap   total 260096K, used 115026K [0x0000000080000000, 0x0000000100000000)
  region size 1024K, 2 young (2048K), 2 survivors (2048K)
 Metaspace       used 96891K, capacity 100485K, committed 100540K, reserved 604160K
  class space    used 12979K, capacity 14393K, committed 14428K, reserved 516096K
}

